0 info it worked if it ends with ok
1 verbose cli [ '/usr/local/Cellar/node/7.7.1_1/bin/node',
1 verbose cli   '/usr/local/bin/npm',
1 verbose cli   'i',
1 verbose cli   '-S',
1 verbose cli   'meteor' ]
2 info using npm@4.1.2
3 info using node@v7.7.1
4 silly loadCurrentTree Starting
5 silly install loadCurrentTree
6 silly install readLocalPackageData
7 silly fetchPackageMetaData meteor
8 silly fetchNamedPackageData meteor
9 silly mapToRegistry name meteor
10 silly mapToRegistry using default registry
11 silly mapToRegistry registry https://registry.npmjs.org/
12 silly mapToRegistry data Result {
12 silly mapToRegistry   raw: 'meteor',
12 silly mapToRegistry   scope: null,
12 silly mapToRegistry   escapedName: 'meteor',
12 silly mapToRegistry   name: 'meteor',
12 silly mapToRegistry   rawSpec: '',
12 silly mapToRegistry   spec: 'latest',
12 silly mapToRegistry   type: 'tag' }
13 silly mapToRegistry uri https://registry.npmjs.org/meteor
14 verbose request uri https://registry.npmjs.org/meteor
15 verbose request no auth needed
16 info attempt registry request try #1 at 10:24:32
17 verbose request id cfb671b7a1c082e4
18 verbose etag W/"583bda88-27a3"
19 verbose lastModified Mon, 28 Nov 2016 07:19:36 GMT
20 http request GET https://registry.npmjs.org/meteor
21 http 304 https://registry.npmjs.org/meteor
22 verbose headers { date: 'Wed, 10 May 2017 08:24:32 GMT',
22 verbose headers   via: '1.1 varnish',
22 verbose headers   'cache-control': 'max-age=300',
22 verbose headers   etag: 'W/"583bda88-27a3"',
22 verbose headers   age: '0',
22 verbose headers   connection: 'keep-alive',
22 verbose headers   'x-served-by': 'cache-cdg8720-CDG',
22 verbose headers   'x-cache': 'MISS',
22 verbose headers   'x-cache-hits': '0',
22 verbose headers   'x-timer': 'S1494404673.945049,VS0,VE20',
22 verbose headers   vary: 'Accept-Encoding' }
23 silly get cb [ 304,
23 silly get   { date: 'Wed, 10 May 2017 08:24:32 GMT',
23 silly get     via: '1.1 varnish',
23 silly get     'cache-control': 'max-age=300',
23 silly get     etag: 'W/"583bda88-27a3"',
23 silly get     age: '0',
23 silly get     connection: 'keep-alive',
23 silly get     'x-served-by': 'cache-cdg8720-CDG',
23 silly get     'x-cache': 'MISS',
23 silly get     'x-cache-hits': '0',
23 silly get     'x-timer': 'S1494404673.945049,VS0,VE20',
23 silly get     vary: 'Accept-Encoding' } ]
24 verbose etag https://registry.npmjs.org/meteor from cache
25 verbose get saving meteor to /Users/charlotte/.npm/registry.npmjs.org/meteor/.cache.json
26 verbose correctMkdir /Users/charlotte/.npm correctMkdir not in flight; initializing
27 silly install normalizeTree
28 silly loadCurrentTree Finishing
29 silly loadIdealTree Starting
30 silly install loadIdealTree
31 silly cloneCurrentTree Starting
32 silly install cloneCurrentTreeToIdealTree
33 silly cloneCurrentTree Finishing
34 silly loadShrinkwrap Starting
35 silly install loadShrinkwrap
36 silly loadShrinkwrap Finishing
37 silly loadAllDepsIntoIdealTree Starting
38 silly install loadAllDepsIntoIdealTree
39 silly resolveWithNewModule meteor@0.5.2-1 checking installable status
40 silly cache add args [ 'meteor', null ]
41 verbose cache add spec meteor
42 silly cache add parsed spec Result {
42 silly cache add   raw: 'meteor',
42 silly cache add   scope: null,
42 silly cache add   escapedName: 'meteor',
42 silly cache add   name: 'meteor',
42 silly cache add   rawSpec: '',
42 silly cache add   spec: 'latest',
42 silly cache add   type: 'tag' }
43 silly addNamed meteor@latest
44 verbose addNamed "latest" is being treated as a dist-tag for meteor
45 info addNameTag [ 'meteor', 'latest' ]
46 silly mapToRegistry name meteor
47 silly mapToRegistry using default registry
48 silly mapToRegistry registry https://registry.npmjs.org/
49 silly mapToRegistry data Result {
49 silly mapToRegistry   raw: 'meteor',
49 silly mapToRegistry   scope: null,
49 silly mapToRegistry   escapedName: 'meteor',
49 silly mapToRegistry   name: 'meteor',
49 silly mapToRegistry   rawSpec: '',
49 silly mapToRegistry   spec: 'latest',
49 silly mapToRegistry   type: 'tag' }
50 silly mapToRegistry uri https://registry.npmjs.org/meteor
51 verbose addNameTag registry:https://registry.npmjs.org/meteor not in flight; fetching
52 verbose get https://registry.npmjs.org/meteor not expired, no request
53 silly addNameTag next cb for meteor with tag latest
54 silly addNamed meteor@0.5.2-1
55 verbose addNamed "0.5.2-1" is a plain semver version for meteor
56 silly cache afterAdd meteor@0.5.2-1
57 verbose afterAdd /Users/charlotte/.npm/meteor/0.5.2-1/package/package.json not in flight; writing
58 verbose correctMkdir /Users/charlotte/.npm correctMkdir not in flight; initializing
59 verbose afterAdd /Users/charlotte/.npm/meteor/0.5.2-1/package/package.json written
60 silly fetchNamedPackageData progress
61 silly mapToRegistry name progress
62 silly mapToRegistry using default registry
63 silly mapToRegistry registry https://registry.npmjs.org/
64 silly mapToRegistry data Result {
64 silly mapToRegistry   raw: 'progress',
64 silly mapToRegistry   scope: null,
64 silly mapToRegistry   escapedName: 'progress',
64 silly mapToRegistry   name: 'progress',
64 silly mapToRegistry   rawSpec: '',
64 silly mapToRegistry   spec: 'latest',
64 silly mapToRegistry   type: 'tag' }
65 silly mapToRegistry uri https://registry.npmjs.org/progress
66 silly fetchNamedPackageData fibers
67 silly mapToRegistry name fibers
68 silly mapToRegistry using default registry
69 silly mapToRegistry registry https://registry.npmjs.org/
70 silly mapToRegistry data Result {
70 silly mapToRegistry   raw: 'fibers',
70 silly mapToRegistry   scope: null,
70 silly mapToRegistry   escapedName: 'fibers',
70 silly mapToRegistry   name: 'fibers',
70 silly mapToRegistry   rawSpec: '',
70 silly mapToRegistry   spec: 'latest',
70 silly mapToRegistry   type: 'tag' }
71 silly mapToRegistry uri https://registry.npmjs.org/fibers
72 verbose request uri https://registry.npmjs.org/progress
73 verbose request no auth needed
74 info attempt registry request try #1 at 10:24:33
75 verbose etag W/"590dd989-5027"
76 verbose lastModified Sat, 06 May 2017 14:11:21 GMT
77 http request GET https://registry.npmjs.org/progress
78 verbose request uri https://registry.npmjs.org/fibers
79 verbose request no auth needed
80 info attempt registry request try #1 at 10:24:33
81 verbose etag W/"590c4e6f-ff26"
82 verbose lastModified Fri, 05 May 2017 10:05:35 GMT
83 http request GET https://registry.npmjs.org/fibers
84 http 304 https://registry.npmjs.org/progress
85 verbose headers { date: 'Wed, 10 May 2017 08:24:33 GMT',
85 verbose headers   via: '1.1 varnish',
85 verbose headers   'cache-control': 'max-age=300',
85 verbose headers   etag: 'W/"590dd989-5027"',
85 verbose headers   age: '0',
85 verbose headers   connection: 'keep-alive',
85 verbose headers   'x-served-by': 'cache-cdg8720-CDG',
85 verbose headers   'x-cache': 'HIT',
85 verbose headers   'x-cache-hits': '1',
85 verbose headers   'x-timer': 'S1494404673.401120,VS0,VE16',
85 verbose headers   vary: 'Accept-Encoding' }
86 silly get cb [ 304,
86 silly get   { date: 'Wed, 10 May 2017 08:24:33 GMT',
86 silly get     via: '1.1 varnish',
86 silly get     'cache-control': 'max-age=300',
86 silly get     etag: 'W/"590dd989-5027"',
86 silly get     age: '0',
86 silly get     connection: 'keep-alive',
86 silly get     'x-served-by': 'cache-cdg8720-CDG',
86 silly get     'x-cache': 'HIT',
86 silly get     'x-cache-hits': '1',
86 silly get     'x-timer': 'S1494404673.401120,VS0,VE16',
86 silly get     vary: 'Accept-Encoding' } ]
87 verbose etag https://registry.npmjs.org/progress from cache
88 verbose get saving progress to /Users/charlotte/.npm/registry.npmjs.org/progress/.cache.json
89 verbose correctMkdir /Users/charlotte/.npm correctMkdir not in flight; initializing
90 silly pickManifestFromRegistryMetadata spec 0.0.5 tag latest versions [ '0.0.1',
90 silly pickManifestFromRegistryMetadata   '0.0.2',
90 silly pickManifestFromRegistryMetadata   '0.0.3',
90 silly pickManifestFromRegistryMetadata   '0.0.4',
90 silly pickManifestFromRegistryMetadata   '0.0.5',
90 silly pickManifestFromRegistryMetadata   '0.1.0',
90 silly pickManifestFromRegistryMetadata   '1.0.0',
90 silly pickManifestFromRegistryMetadata   '1.0.1',
90 silly pickManifestFromRegistryMetadata   '1.1.0',
90 silly pickManifestFromRegistryMetadata   '1.1.2',
90 silly pickManifestFromRegistryMetadata   '1.1.3',
90 silly pickManifestFromRegistryMetadata   '1.1.4',
90 silly pickManifestFromRegistryMetadata   '1.1.5',
90 silly pickManifestFromRegistryMetadata   '1.1.6',
90 silly pickManifestFromRegistryMetadata   '1.1.7',
90 silly pickManifestFromRegistryMetadata   '1.1.8',
90 silly pickManifestFromRegistryMetadata   '2.0.0' ]
91 silly resolveWithNewModule progress@0.0.5 checking installable status
92 silly cache add args [ 'progress@0.0.5', null ]
93 verbose cache add spec progress@0.0.5
94 silly cache add parsed spec Result {
94 silly cache add   raw: 'progress@0.0.5',
94 silly cache add   scope: null,
94 silly cache add   escapedName: 'progress',
94 silly cache add   name: 'progress',
94 silly cache add   rawSpec: '0.0.5',
94 silly cache add   spec: '0.0.5',
94 silly cache add   type: 'version' }
95 silly addNamed progress@0.0.5
96 verbose addNamed "0.0.5" is a plain semver version for progress
97 silly mapToRegistry name progress
98 silly mapToRegistry using default registry
99 silly mapToRegistry registry https://registry.npmjs.org/
100 silly mapToRegistry data Result {
100 silly mapToRegistry   raw: 'progress',
100 silly mapToRegistry   scope: null,
100 silly mapToRegistry   escapedName: 'progress',
100 silly mapToRegistry   name: 'progress',
100 silly mapToRegistry   rawSpec: '',
100 silly mapToRegistry   spec: 'latest',
100 silly mapToRegistry   type: 'tag' }
101 silly mapToRegistry uri https://registry.npmjs.org/progress
102 verbose addNameVersion registry:https://registry.npmjs.org/progress not in flight; fetching
103 verbose get https://registry.npmjs.org/progress not expired, no request
104 silly cache afterAdd progress@0.0.5
105 verbose afterAdd /Users/charlotte/.npm/progress/0.0.5/package/package.json not in flight; writing
106 verbose correctMkdir /Users/charlotte/.npm correctMkdir not in flight; initializing
107 verbose afterAdd /Users/charlotte/.npm/progress/0.0.5/package/package.json written
108 http 304 https://registry.npmjs.org/fibers
109 verbose headers { date: 'Wed, 10 May 2017 08:24:33 GMT',
109 verbose headers   via: '1.1 varnish',
109 verbose headers   'cache-control': 'max-age=300',
109 verbose headers   etag: 'W/"590c4e6f-ff26"',
109 verbose headers   age: '216',
109 verbose headers   connection: 'keep-alive',
109 verbose headers   'x-served-by': 'cache-cdg8731-CDG',
109 verbose headers   'x-cache': 'HIT',
109 verbose headers   'x-cache-hits': '1',
109 verbose headers   'x-timer': 'S1494404673.439588,VS0,VE0',
109 verbose headers   vary: 'Accept-Encoding' }
110 silly get cb [ 304,
110 silly get   { date: 'Wed, 10 May 2017 08:24:33 GMT',
110 silly get     via: '1.1 varnish',
110 silly get     'cache-control': 'max-age=300',
110 silly get     etag: 'W/"590c4e6f-ff26"',
110 silly get     age: '216',
110 silly get     connection: 'keep-alive',
110 silly get     'x-served-by': 'cache-cdg8731-CDG',
110 silly get     'x-cache': 'HIT',
110 silly get     'x-cache-hits': '1',
110 silly get     'x-timer': 'S1494404673.439588,VS0,VE0',
110 silly get     vary: 'Accept-Encoding' } ]
111 verbose etag https://registry.npmjs.org/fibers from cache
112 verbose get saving fibers to /Users/charlotte/.npm/registry.npmjs.org/fibers/.cache.json
113 verbose correctMkdir /Users/charlotte/.npm correctMkdir not in flight; initializing
114 silly pickManifestFromRegistryMetadata spec 0.6.9 tag latest versions [ '0.1.0',
114 silly pickManifestFromRegistryMetadata   '0.1.1',
114 silly pickManifestFromRegistryMetadata   '0.1.2',
114 silly pickManifestFromRegistryMetadata   '0.1.3',
114 silly pickManifestFromRegistryMetadata   '0.1.4',
114 silly pickManifestFromRegistryMetadata   '0.1.6',
114 silly pickManifestFromRegistryMetadata   '0.1.7',
114 silly pickManifestFromRegistryMetadata   '0.1.8',
114 silly pickManifestFromRegistryMetadata   '0.2.0',
114 silly pickManifestFromRegistryMetadata   '0.2.1',
114 silly pickManifestFromRegistryMetadata   '0.2.2',
114 silly pickManifestFromRegistryMetadata   '0.2.3',
114 silly pickManifestFromRegistryMetadata   '0.2.4',
114 silly pickManifestFromRegistryMetadata   '0.2.5',
114 silly pickManifestFromRegistryMetadata   '0.2.6',
114 silly pickManifestFromRegistryMetadata   '0.5.0',
114 silly pickManifestFromRegistryMetadata   '0.6.0',
114 silly pickManifestFromRegistryMetadata   '0.5.1',
114 silly pickManifestFromRegistryMetadata   '0.6.1',
114 silly pickManifestFromRegistryMetadata   '0.6.2',
114 silly pickManifestFromRegistryMetadata   '0.6.3',
114 silly pickManifestFromRegistryMetadata   '0.6.4',
114 silly pickManifestFromRegistryMetadata   '0.6.5',
114 silly pickManifestFromRegistryMetadata   '0.6.6',
114 silly pickManifestFromRegistryMetadata   '0.6.7',
114 silly pickManifestFromRegistryMetadata   '0.6.8',
114 silly pickManifestFromRegistryMetadata   '0.6.9',
114 silly pickManifestFromRegistryMetadata   '1.0.0',
114 silly pickManifestFromRegistryMetadata   '1.0.1',
114 silly pickManifestFromRegistryMetadata   '1.0.2',
114 silly pickManifestFromRegistryMetadata   '1.0.4',
114 silly pickManifestFromRegistryMetadata   '1.0.5',
114 silly pickManifestFromRegistryMetadata   '1.0.6-b',
114 silly pickManifestFromRegistryMetadata   '1.0.7',
114 silly pickManifestFromRegistryMetadata   '1.0.8',
114 silly pickManifestFromRegistryMetadata   '1.0.9',
114 silly pickManifestFromRegistryMetadata   '1.0.10',
114 silly pickManifestFromRegistryMetadata   '1.0.11',
114 silly pickManifestFromRegistryMetadata   '1.0.12',
114 silly pickManifestFromRegistryMetadata   '1.0.13',
114 silly pickManifestFromRegistryMetadata   '1.0.14',
114 silly pickManifestFromRegistryMetadata   '1.0.15' ]
115 silly resolveWithNewModule fibers@0.6.9 checking installable status
116 silly cache add args [ 'fibers@0.6.9', null ]
117 verbose cache add spec fibers@0.6.9
118 silly cache add parsed spec Result {
118 silly cache add   raw: 'fibers@0.6.9',
118 silly cache add   scope: null,
118 silly cache add   escapedName: 'fibers',
118 silly cache add   name: 'fibers',
118 silly cache add   rawSpec: '0.6.9',
118 silly cache add   spec: '0.6.9',
118 silly cache add   type: 'version' }
119 silly addNamed fibers@0.6.9
120 verbose addNamed "0.6.9" is a plain semver version for fibers
121 silly mapToRegistry name fibers
122 silly mapToRegistry using default registry
123 silly mapToRegistry registry https://registry.npmjs.org/
124 silly mapToRegistry data Result {
124 silly mapToRegistry   raw: 'fibers',
124 silly mapToRegistry   scope: null,
124 silly mapToRegistry   escapedName: 'fibers',
124 silly mapToRegistry   name: 'fibers',
124 silly mapToRegistry   rawSpec: '',
124 silly mapToRegistry   spec: 'latest',
124 silly mapToRegistry   type: 'tag' }
125 silly mapToRegistry uri https://registry.npmjs.org/fibers
126 verbose addNameVersion registry:https://registry.npmjs.org/fibers not in flight; fetching
127 verbose get https://registry.npmjs.org/fibers not expired, no request
128 silly cache afterAdd fibers@0.6.9
129 verbose afterAdd /Users/charlotte/.npm/fibers/0.6.9/package/package.json not in flight; writing
130 verbose correctMkdir /Users/charlotte/.npm correctMkdir not in flight; initializing
131 verbose afterAdd /Users/charlotte/.npm/fibers/0.6.9/package/package.json written
132 silly loadAllDepsIntoIdealTree Finishing
133 silly loadIdealTree Finishing
134 silly currentTree employees@
134 silly currentTree ├─┬ acorn-jsx@3.0.1
134 silly currentTree │ └── acorn@3.3.0
134 silly currentTree ├── acorn@5.0.3
134 silly currentTree ├── ajv-keywords@1.5.1
134 silly currentTree ├── ajv@4.11.8
134 silly currentTree ├── ansi-escapes@1.4.0
134 silly currentTree ├── ansi-regex@2.1.1
134 silly currentTree ├── ansi-styles@2.2.1
134 silly currentTree ├── argparse@1.0.9
134 silly currentTree ├── array-union@1.0.2
134 silly currentTree ├── array-uniq@1.0.3
134 silly currentTree ├── array.prototype.find@2.0.4
134 silly currentTree ├── arrify@1.0.1
134 silly currentTree ├── asap@2.0.5
134 silly currentTree ├── babel-code-frame@6.22.0
134 silly currentTree ├── babel-eslint@6.1.2
134 silly currentTree ├── babel-helper-function-name@6.24.1
134 silly currentTree ├── babel-helper-get-function-arity@6.24.1
134 silly currentTree ├── babel-messages@6.23.0
134 silly currentTree ├── babel-plugin-syntax-class-properties@6.13.0
134 silly currentTree ├── babel-plugin-transform-class-properties@6.24.1
134 silly currentTree ├─┬ babel-runtime@6.23.0
134 silly currentTree │ └── core-js@2.4.1
134 silly currentTree ├── babel-template@6.24.1
134 silly currentTree ├── babel-traverse@6.24.1
134 silly currentTree ├── babel-types@6.24.1
134 silly currentTree ├── babylon@6.17.0
134 silly currentTree ├── balanced-match@0.4.2
134 silly currentTree ├── brace-expansion@1.1.7
134 silly currentTree ├── bson@0.1.5
134 silly currentTree ├── buffer-shims@1.0.0
134 silly currentTree ├── builtin-modules@1.1.1
134 silly currentTree ├── caller-path@0.1.0
134 silly currentTree ├── callsites@0.2.0
134 silly currentTree ├── chalk@1.1.3
134 silly currentTree ├── circular-json@0.3.1
134 silly currentTree ├── clean-css@0.8.2
134 silly currentTree ├── cli-cursor@1.0.2
134 silly currentTree ├── cli-width@2.1.0
134 silly currentTree ├── co@4.6.0
134 silly currentTree ├── code-point-at@1.1.0
134 silly currentTree ├── coffee-script@1.4.0
134 silly currentTree ├── colors@0.6.2
134 silly currentTree ├── concat-map@0.0.1
134 silly currentTree ├── concat-stream@1.6.0
134 silly currentTree ├── connect@1.9.2
134 silly currentTree ├── contains-path@0.1.0
134 silly currentTree ├── core-js@1.2.7
134 silly currentTree ├── core-util-is@1.0.2
134 silly currentTree ├── cssom@0.2.5
134 silly currentTree ├── d@1.0.0
134 silly currentTree ├── damerau-levenshtein@1.0.4
134 silly currentTree ├── debug@2.6.4
134 silly currentTree ├── deep-is@0.1.3
134 silly currentTree ├── define-properties@1.1.2
134 silly currentTree ├── del@2.2.2
134 silly currentTree ├── doctrine@2.0.0
134 silly currentTree ├── encoding@0.1.12
134 silly currentTree ├── es-abstract@1.7.0
134 silly currentTree ├── es-to-primitive@1.1.1
134 silly currentTree ├── es5-ext@0.10.16
134 silly currentTree ├── es6-iterator@2.0.1
134 silly currentTree ├── es6-map@0.1.5
134 silly currentTree ├── es6-set@0.1.5
134 silly currentTree ├── es6-symbol@3.1.1
134 silly currentTree ├── es6-weak-map@2.0.2
134 silly currentTree ├── escape-string-regexp@1.0.5
134 silly currentTree ├── escope@3.6.0
134 silly currentTree ├── eslint-config-rallycoding@3.2.0
134 silly currentTree ├── eslint-import-resolver-node@0.2.3
134 silly currentTree ├── eslint-plugin-class-property@1.0.6
134 silly currentTree ├─┬ eslint-plugin-import@1.16.0
134 silly currentTree │ └── doctrine@1.3.0
134 silly currentTree ├── eslint-plugin-jsx-a11y@2.2.3
134 silly currentTree ├─┬ eslint-plugin-react@6.10.3
134 silly currentTree │ └── doctrine@1.5.0
134 silly currentTree ├── eslint@3.19.0
134 silly currentTree ├── espree@3.4.3
134 silly currentTree ├── esprima@3.1.3
134 silly currentTree ├── esquery@1.0.0
134 silly currentTree ├─┬ esrecurse@4.1.0
134 silly currentTree │ └── estraverse@4.1.1
134 silly currentTree ├── estraverse@4.2.0
134 silly currentTree ├── esutils@2.0.2
134 silly currentTree ├── event-emitter@0.3.5
134 silly currentTree ├── eventemitter3@1.2.0
134 silly currentTree ├── exit-hook@1.1.1
134 silly currentTree ├── faker@4.1.0
134 silly currentTree ├── fast-levenshtein@2.0.6
134 silly currentTree ├── faye-websocket@0.4.0
134 silly currentTree ├── fbjs@0.8.12
134 silly currentTree ├── figures@1.7.0
134 silly currentTree ├── file-entry-cache@2.0.0
134 silly currentTree ├── find-up@1.1.2
134 silly currentTree ├── flat-cache@1.2.2
134 silly currentTree ├── foreach@2.0.5
134 silly currentTree ├── formidable@1.0.17
134 silly currentTree ├── fs.realpath@1.0.0
134 silly currentTree ├── function-bind@1.1.0
134 silly currentTree ├── generate-function@2.0.0
134 silly currentTree ├── generate-object-property@1.2.0
134 silly currentTree ├── glob@7.1.1
134 silly currentTree ├── globals@9.17.0
134 silly currentTree ├── globby@5.0.0
134 silly currentTree ├── google-map-react@0.24.0
134 silly currentTree ├── google-maps-react@1.0.19
134 silly currentTree ├── graceful-fs@4.1.11
134 silly currentTree ├── gzippo@0.1.7
134 silly currentTree ├─┬ handlebars@1.0.7
134 silly currentTree │ └── uglify-js@1.2.6
134 silly currentTree ├── has-ansi@2.0.0
134 silly currentTree ├── has@1.0.1
134 silly currentTree ├── history@3.3.0
134 silly currentTree ├── http-proxy@0.8.5
134 silly currentTree ├── iconv-lite@0.4.16
134 silly currentTree ├── ignore@3.3.0
134 silly currentTree ├── imurmurhash@0.1.4
134 silly currentTree ├── inflight@1.0.6
134 silly currentTree ├── inherits@2.0.3
134 silly currentTree ├── inquirer@0.12.0
134 silly currentTree ├── interpret@1.0.3
134 silly currentTree ├── invariant@2.2.2
134 silly currentTree ├── is-callable@1.1.3
134 silly currentTree ├── is-date-object@1.0.1
134 silly currentTree ├── is-fullwidth-code-point@1.0.0
134 silly currentTree ├── is-my-json-valid@2.16.0
134 silly currentTree ├── is-path-cwd@1.0.0
134 silly currentTree ├── is-path-in-cwd@1.0.0
134 silly currentTree ├── is-path-inside@1.0.0
134 silly currentTree ├── is-property@1.0.2
134 silly currentTree ├── is-regex@1.0.4
134 silly currentTree ├── is-resolvable@1.0.0
134 silly currentTree ├── is-stream@1.1.0
134 silly currentTree ├── is-symbol@1.0.1
134 silly currentTree ├── isarray@1.0.0
134 silly currentTree ├── isomorphic-fetch@2.2.1
134 silly currentTree ├── js-tokens@3.0.1
134 silly currentTree ├── js-yaml@3.8.4
134 silly currentTree ├── json-stable-stringify@1.0.1
134 silly currentTree ├── jsonify@0.0.0
134 silly currentTree ├── jsonpointer@4.0.1
134 silly currentTree ├── jsx-ast-utils@1.4.1
134 silly currentTree ├── keypress@0.1.0
134 silly currentTree ├── less@1.3.1
134 silly currentTree ├── levn@0.3.0
134 silly currentTree ├── lodash.assign@4.2.0
134 silly currentTree ├── lodash.cond@4.5.2
134 silly currentTree ├── lodash.endswith@4.2.1
134 silly currentTree ├── lodash.find@4.6.0
134 silly currentTree ├── lodash.findindex@4.6.0
134 silly currentTree ├── lodash.pickby@4.6.0
134 silly currentTree ├── lodash@4.17.4
134 silly currentTree ├── loose-envify@1.3.1
134 silly currentTree ├── mailcomposer@0.1.15
134 silly currentTree ├─┬ meteor-node-stubs@0.2.6
134 silly currentTree │ ├── asn1.js@4.9.0
134 silly currentTree │ ├── assert@1.4.1
134 silly currentTree │ ├── base64-js@1.2.0
134 silly currentTree │ ├── Base64@0.2.1
134 silly currentTree │ ├── bn.js@4.11.6
134 silly currentTree │ ├── brorand@1.0.6
134 silly currentTree │ ├── browserify-aes@1.0.6
134 silly currentTree │ ├── browserify-cipher@1.0.0
134 silly currentTree │ ├── browserify-des@1.0.0
134 silly currentTree │ ├── browserify-rsa@4.0.1
134 silly currentTree │ ├── browserify-sign@4.0.0
134 silly currentTree │ ├── browserify-zlib@0.1.4
134 silly currentTree │ ├── buffer-shims@1.0.0
134 silly currentTree │ ├── buffer-xor@1.0.3
134 silly currentTree │ ├── buffer@4.9.1
134 silly currentTree │ ├── cipher-base@1.0.3
134 silly currentTree │ ├── console-browserify@1.1.0
134 silly currentTree │ ├── constants-browserify@1.0.0
134 silly currentTree │ ├── core-util-is@1.0.2
134 silly currentTree │ ├── create-ecdh@4.0.0
134 silly currentTree │ ├── create-hash@1.1.2
134 silly currentTree │ ├── create-hmac@1.1.4
134 silly currentTree │ ├── crypto-browserify@3.11.0
134 silly currentTree │ ├── date-now@0.1.4
134 silly currentTree │ ├── des.js@1.0.0
134 silly currentTree │ ├── diffie-hellman@5.0.2
134 silly currentTree │ ├── domain-browser@1.1.7
134 silly currentTree │ ├── elliptic@6.3.2
134 silly currentTree │ ├── events@1.1.1
134 silly currentTree │ ├── evp_bytestokey@1.0.0
134 silly currentTree │ ├── hash.js@1.0.3
134 silly currentTree │ ├── http-browserify@1.7.0
134 silly currentTree │ ├── https-browserify@0.0.1
134 silly currentTree │ ├── ieee754@1.1.8
134 silly currentTree │ ├── indexof@0.0.1
134 silly currentTree │ ├── inherits@2.0.1
134 silly currentTree │ ├── isarray@1.0.0
134 silly currentTree │ ├── miller-rabin@4.0.0
134 silly currentTree │ ├── minimalistic-assert@1.0.0
134 silly currentTree │ ├── os-browserify@0.2.1
134 silly currentTree │ ├── pako@0.2.9
134 silly currentTree │ ├── parse-asn1@5.0.0
134 silly currentTree │ ├── path-browserify@0.0.0
134 silly currentTree │ ├── pbkdf2@3.0.9
134 silly currentTree │ ├── process-nextick-args@1.0.7
134 silly currentTree │ ├── process@0.11.9
134 silly currentTree │ ├── public-encrypt@4.0.0
134 silly currentTree │ ├── punycode@1.4.1
134 silly currentTree │ ├── querystring-es3@0.2.1
134 silly currentTree │ ├── querystring@0.2.0
134 silly currentTree │ ├── randombytes@2.0.3
134 silly currentTree │ ├── readable-stream@2.2.1
134 silly currentTree │ ├── ripemd160@1.0.1
134 silly currentTree │ ├── sha.js@2.4.8
134 silly currentTree │ ├── stream-browserify@2.0.1
134 silly currentTree │ ├── string_decoder@0.10.31
134 silly currentTree │ ├── timers-browserify@1.4.2
134 silly currentTree │ ├── tty-browserify@0.0.0
134 silly currentTree │ ├─┬ url@0.11.0
134 silly currentTree │ │ └── punycode@1.3.2
134 silly currentTree │ ├── util-deprecate@1.0.2
134 silly currentTree │ ├── util@0.10.3
134 silly currentTree │ └── vm-browserify@0.0.4
134 silly currentTree ├── mime@1.2.7
134 silly currentTree ├── mimelib-noiconv@0.1.9
134 silly currentTree ├── minimatch@3.0.4
134 silly currentTree ├── minimist@0.0.8
134 silly currentTree ├── mkdirp@0.5.1
134 silly currentTree ├── mongodb@1.1.11
134 silly currentTree ├── ms@0.7.3
134 silly currentTree ├── mute-stream@0.0.5
134 silly currentTree ├── natural-compare@1.4.0
134 silly currentTree ├── nib@0.8.2
134 silly currentTree ├── node-fetch@1.6.3
134 silly currentTree ├── node-uuid@1.3.3
134 silly currentTree ├── number-is-nan@1.0.1
134 silly currentTree ├── object-assign@4.1.1
134 silly currentTree ├── object-keys@1.0.11
134 silly currentTree ├── object.assign@4.0.4
134 silly currentTree ├── once@1.4.0
134 silly currentTree ├── onetime@1.1.0
134 silly currentTree ├─┬ optimist@0.3.5
134 silly currentTree │ └── wordwrap@0.0.3
134 silly currentTree ├── optionator@0.8.2
134 silly currentTree ├── os-homedir@1.0.2
134 silly currentTree ├── path-exists@2.1.0
134 silly currentTree ├── path-is-absolute@1.0.1
134 silly currentTree ├── path-is-inside@1.0.2
134 silly currentTree ├── path-parse@1.0.5
134 silly currentTree ├── pify@2.3.0
134 silly currentTree ├── pinkie-promise@2.0.1
134 silly currentTree ├── pinkie@2.0.4
134 silly currentTree ├── pkg-dir@1.0.0
134 silly currentTree ├── pkg-up@1.0.0
134 silly currentTree ├── pkginfo@0.2.3
134 silly currentTree ├── pluralize@1.2.1
134 silly currentTree ├── point-geometry@0.0.0
134 silly currentTree ├── prelude-ls@1.1.2
134 silly currentTree ├── process-nextick-args@1.0.7
134 silly currentTree ├── progress@1.1.8
134 silly currentTree ├── promise@7.1.1
134 silly currentTree ├── prop-types@15.5.8
134 silly currentTree ├── qs@6.4.0
134 silly currentTree ├── query-string@4.3.4
134 silly currentTree ├── rai@0.1.12
134 silly currentTree ├── react-addons-pure-render-mixin@15.5.2
134 silly currentTree ├── react-csv@1.0.8
134 silly currentTree ├── react-dom@15.5.4
134 silly currentTree ├── react-gmaps@1.5.0
134 silly currentTree ├── react@15.5.4
134 silly currentTree ├── readable-stream@2.2.9
134 silly currentTree ├── readline2@1.0.1
134 silly currentTree ├── rechoir@0.6.2
134 silly currentTree ├── regenerator-runtime@0.10.4
134 silly currentTree ├─┬ request@2.12.0
134 silly currentTree │ ├─┬ form-data@0.0.3
134 silly currentTree │ │ ├── async@0.1.9
134 silly currentTree │ │ └─┬ combined-stream@0.0.3
134 silly currentTree │ │   └── delayed-stream@0.0.5
134 silly currentTree │ └── mime@1.2.7
134 silly currentTree ├── require-uncached@1.0.3
134 silly currentTree ├── resolve-from@1.0.1
134 silly currentTree ├── resolve@1.3.3
134 silly currentTree ├── restore-cursor@1.0.1
134 silly currentTree ├── rimraf@2.6.1
134 silly currentTree ├── run-async@0.1.0
134 silly currentTree ├── rx-lite@3.1.2
134 silly currentTree ├── scriptjs@2.5.8
134 silly currentTree ├── semver@1.1.0
134 silly currentTree ├── setimmediate@1.0.5
134 silly currentTree ├── shelljs@0.7.7
134 silly currentTree ├── simplesmtp@0.1.25
134 silly currentTree ├── slice-ansi@0.0.4
134 silly currentTree ├── sockjs@0.3.4
134 silly currentTree ├── sprintf-js@1.0.3
134 silly currentTree ├── stream-buffers@0.2.3
134 silly currentTree ├── strict-uri-encode@1.1.0
134 silly currentTree ├── string_decoder@1.0.0
134 silly currentTree ├── string-width@1.0.2
134 silly currentTree ├── strip-ansi@3.0.1
134 silly currentTree ├── strip-bom@3.0.0
134 silly currentTree ├── strip-json-comments@2.0.1
134 silly currentTree ├─┬ stylus@0.30.1
134 silly currentTree │ └── mkdirp@0.3.5
134 silly currentTree ├── supports-color@2.0.0
134 silly currentTree ├─┬ table@3.8.3
134 silly currentTree │ ├── is-fullwidth-code-point@2.0.0
134 silly currentTree │ └── string-width@2.0.0
134 silly currentTree ├── text-table@0.2.0
134 silly currentTree ├── through@2.3.8
134 silly currentTree ├── to-fast-properties@1.0.2
134 silly currentTree ├── tryit@1.0.3
134 silly currentTree ├── type-check@0.3.2
134 silly currentTree ├── typedarray@0.0.6
134 silly currentTree ├── ua-parser-js@0.7.12
134 silly currentTree ├── uglify-js@1.3.4
134 silly currentTree ├── user-home@2.0.0
134 silly currentTree ├─┬ useragent@1.1.0
134 silly currentTree │ ├── request@2.9.202
134 silly currentTree │ └── semver@1.0.14
134 silly currentTree ├── util-deprecate@1.0.2
134 silly currentTree ├── warning@3.0.0
134 silly currentTree ├── whatwg-fetch@2.0.3
134 silly currentTree ├── wordwrap@1.0.0
134 silly currentTree ├── wrappy@1.0.2
134 silly currentTree ├── write@0.2.1
134 silly currentTree ├── xoauth2@1.2.0
134 silly currentTree ├── xtend@4.0.1
134 silly currentTree └── yamlparser@0.0.2
135 silly idealTree employees@
135 silly idealTree ├─┬ acorn-jsx@3.0.1
135 silly idealTree │ └── acorn@3.3.0
135 silly idealTree ├── acorn@5.0.3
135 silly idealTree ├── ajv-keywords@1.5.1
135 silly idealTree ├── ajv@4.11.8
135 silly idealTree ├── ansi-escapes@1.4.0
135 silly idealTree ├── ansi-regex@2.1.1
135 silly idealTree ├── ansi-styles@2.2.1
135 silly idealTree ├── argparse@1.0.9
135 silly idealTree ├── array-union@1.0.2
135 silly idealTree ├── array-uniq@1.0.3
135 silly idealTree ├── array.prototype.find@2.0.4
135 silly idealTree ├── arrify@1.0.1
135 silly idealTree ├── asap@2.0.5
135 silly idealTree ├── babel-code-frame@6.22.0
135 silly idealTree ├── babel-eslint@6.1.2
135 silly idealTree ├── babel-helper-function-name@6.24.1
135 silly idealTree ├── babel-helper-get-function-arity@6.24.1
135 silly idealTree ├── babel-messages@6.23.0
135 silly idealTree ├── babel-plugin-syntax-class-properties@6.13.0
135 silly idealTree ├── babel-plugin-transform-class-properties@6.24.1
135 silly idealTree ├─┬ babel-runtime@6.23.0
135 silly idealTree │ └── core-js@2.4.1
135 silly idealTree ├── babel-template@6.24.1
135 silly idealTree ├── babel-traverse@6.24.1
135 silly idealTree ├── babel-types@6.24.1
135 silly idealTree ├── babylon@6.17.0
135 silly idealTree ├── balanced-match@0.4.2
135 silly idealTree ├── brace-expansion@1.1.7
135 silly idealTree ├── bson@0.1.5
135 silly idealTree ├── buffer-shims@1.0.0
135 silly idealTree ├── builtin-modules@1.1.1
135 silly idealTree ├── caller-path@0.1.0
135 silly idealTree ├── callsites@0.2.0
135 silly idealTree ├── chalk@1.1.3
135 silly idealTree ├── circular-json@0.3.1
135 silly idealTree ├── clean-css@0.8.2
135 silly idealTree ├── cli-cursor@1.0.2
135 silly idealTree ├── cli-width@2.1.0
135 silly idealTree ├── co@4.6.0
135 silly idealTree ├── code-point-at@1.1.0
135 silly idealTree ├── coffee-script@1.4.0
135 silly idealTree ├── colors@0.6.2
135 silly idealTree ├── concat-map@0.0.1
135 silly idealTree ├── concat-stream@1.6.0
135 silly idealTree ├── connect@1.9.2
135 silly idealTree ├── contains-path@0.1.0
135 silly idealTree ├── core-js@1.2.7
135 silly idealTree ├── core-util-is@1.0.2
135 silly idealTree ├── cssom@0.2.5
135 silly idealTree ├── d@1.0.0
135 silly idealTree ├── damerau-levenshtein@1.0.4
135 silly idealTree ├── debug@2.6.4
135 silly idealTree ├── deep-is@0.1.3
135 silly idealTree ├── define-properties@1.1.2
135 silly idealTree ├── del@2.2.2
135 silly idealTree ├── doctrine@2.0.0
135 silly idealTree ├── encoding@0.1.12
135 silly idealTree ├── es-abstract@1.7.0
135 silly idealTree ├── es-to-primitive@1.1.1
135 silly idealTree ├── es5-ext@0.10.16
135 silly idealTree ├── es6-iterator@2.0.1
135 silly idealTree ├── es6-map@0.1.5
135 silly idealTree ├── es6-set@0.1.5
135 silly idealTree ├── es6-symbol@3.1.1
135 silly idealTree ├── es6-weak-map@2.0.2
135 silly idealTree ├── escape-string-regexp@1.0.5
135 silly idealTree ├── escope@3.6.0
135 silly idealTree ├── eslint-config-rallycoding@3.2.0
135 silly idealTree ├── eslint-import-resolver-node@0.2.3
135 silly idealTree ├── eslint-plugin-class-property@1.0.6
135 silly idealTree ├─┬ eslint-plugin-import@1.16.0
135 silly idealTree │ └── doctrine@1.3.0
135 silly idealTree ├── eslint-plugin-jsx-a11y@2.2.3
135 silly idealTree ├─┬ eslint-plugin-react@6.10.3
135 silly idealTree │ └── doctrine@1.5.0
135 silly idealTree ├── eslint@3.19.0
135 silly idealTree ├── espree@3.4.3
135 silly idealTree ├── esprima@3.1.3
135 silly idealTree ├── esquery@1.0.0
135 silly idealTree ├─┬ esrecurse@4.1.0
135 silly idealTree │ └── estraverse@4.1.1
135 silly idealTree ├── estraverse@4.2.0
135 silly idealTree ├── esutils@2.0.2
135 silly idealTree ├── event-emitter@0.3.5
135 silly idealTree ├── eventemitter3@1.2.0
135 silly idealTree ├── exit-hook@1.1.1
135 silly idealTree ├── faker@4.1.0
135 silly idealTree ├── fast-levenshtein@2.0.6
135 silly idealTree ├── faye-websocket@0.4.0
135 silly idealTree ├── fbjs@0.8.12
135 silly idealTree ├── fibers@0.6.9
135 silly idealTree ├── figures@1.7.0
135 silly idealTree ├── file-entry-cache@2.0.0
135 silly idealTree ├── find-up@1.1.2
135 silly idealTree ├── flat-cache@1.2.2
135 silly idealTree ├── foreach@2.0.5
135 silly idealTree ├── formidable@1.0.17
135 silly idealTree ├── fs.realpath@1.0.0
135 silly idealTree ├── function-bind@1.1.0
135 silly idealTree ├── generate-function@2.0.0
135 silly idealTree ├── generate-object-property@1.2.0
135 silly idealTree ├── glob@7.1.1
135 silly idealTree ├── globals@9.17.0
135 silly idealTree ├── globby@5.0.0
135 silly idealTree ├── google-map-react@0.24.0
135 silly idealTree ├── google-maps-react@1.0.19
135 silly idealTree ├── graceful-fs@4.1.11
135 silly idealTree ├── gzippo@0.1.7
135 silly idealTree ├─┬ handlebars@1.0.7
135 silly idealTree │ └── uglify-js@1.2.6
135 silly idealTree ├── has-ansi@2.0.0
135 silly idealTree ├── has@1.0.1
135 silly idealTree ├── history@3.3.0
135 silly idealTree ├── http-proxy@0.8.5
135 silly idealTree ├── iconv-lite@0.4.16
135 silly idealTree ├── ignore@3.3.0
135 silly idealTree ├── imurmurhash@0.1.4
135 silly idealTree ├── inflight@1.0.6
135 silly idealTree ├── inherits@2.0.3
135 silly idealTree ├── inquirer@0.12.0
135 silly idealTree ├── interpret@1.0.3
135 silly idealTree ├── invariant@2.2.2
135 silly idealTree ├── is-callable@1.1.3
135 silly idealTree ├── is-date-object@1.0.1
135 silly idealTree ├── is-fullwidth-code-point@1.0.0
135 silly idealTree ├── is-my-json-valid@2.16.0
135 silly idealTree ├── is-path-cwd@1.0.0
135 silly idealTree ├── is-path-in-cwd@1.0.0
135 silly idealTree ├── is-path-inside@1.0.0
135 silly idealTree ├── is-property@1.0.2
135 silly idealTree ├── is-regex@1.0.4
135 silly idealTree ├── is-resolvable@1.0.0
135 silly idealTree ├── is-stream@1.1.0
135 silly idealTree ├── is-symbol@1.0.1
135 silly idealTree ├── isarray@1.0.0
135 silly idealTree ├── isomorphic-fetch@2.2.1
135 silly idealTree ├── js-tokens@3.0.1
135 silly idealTree ├── js-yaml@3.8.4
135 silly idealTree ├── json-stable-stringify@1.0.1
135 silly idealTree ├── jsonify@0.0.0
135 silly idealTree ├── jsonpointer@4.0.1
135 silly idealTree ├── jsx-ast-utils@1.4.1
135 silly idealTree ├── keypress@0.1.0
135 silly idealTree ├── less@1.3.1
135 silly idealTree ├── levn@0.3.0
135 silly idealTree ├── lodash.assign@4.2.0
135 silly idealTree ├── lodash.cond@4.5.2
135 silly idealTree ├── lodash.endswith@4.2.1
135 silly idealTree ├── lodash.find@4.6.0
135 silly idealTree ├── lodash.findindex@4.6.0
135 silly idealTree ├── lodash.pickby@4.6.0
135 silly idealTree ├── lodash@4.17.4
135 silly idealTree ├── loose-envify@1.3.1
135 silly idealTree ├── mailcomposer@0.1.15
135 silly idealTree ├─┬ meteor-node-stubs@0.2.6
135 silly idealTree │ ├── asn1.js@4.9.0
135 silly idealTree │ ├── assert@1.4.1
135 silly idealTree │ ├── base64-js@1.2.0
135 silly idealTree │ ├── Base64@0.2.1
135 silly idealTree │ ├── bn.js@4.11.6
135 silly idealTree │ ├── brorand@1.0.6
135 silly idealTree │ ├── browserify-aes@1.0.6
135 silly idealTree │ ├── browserify-cipher@1.0.0
135 silly idealTree │ ├── browserify-des@1.0.0
135 silly idealTree │ ├── browserify-rsa@4.0.1
135 silly idealTree │ ├── browserify-sign@4.0.0
135 silly idealTree │ ├── browserify-zlib@0.1.4
135 silly idealTree │ ├── buffer-shims@1.0.0
135 silly idealTree │ ├── buffer-xor@1.0.3
135 silly idealTree │ ├── buffer@4.9.1
135 silly idealTree │ ├── cipher-base@1.0.3
135 silly idealTree │ ├── console-browserify@1.1.0
135 silly idealTree │ ├── constants-browserify@1.0.0
135 silly idealTree │ ├── core-util-is@1.0.2
135 silly idealTree │ ├── create-ecdh@4.0.0
135 silly idealTree │ ├── create-hash@1.1.2
135 silly idealTree │ ├── create-hmac@1.1.4
135 silly idealTree │ ├── crypto-browserify@3.11.0
135 silly idealTree │ ├── date-now@0.1.4
135 silly idealTree │ ├── des.js@1.0.0
135 silly idealTree │ ├── diffie-hellman@5.0.2
135 silly idealTree │ ├── domain-browser@1.1.7
135 silly idealTree │ ├── elliptic@6.3.2
135 silly idealTree │ ├── events@1.1.1
135 silly idealTree │ ├── evp_bytestokey@1.0.0
135 silly idealTree │ ├── hash.js@1.0.3
135 silly idealTree │ ├── http-browserify@1.7.0
135 silly idealTree │ ├── https-browserify@0.0.1
135 silly idealTree │ ├── ieee754@1.1.8
135 silly idealTree │ ├── indexof@0.0.1
135 silly idealTree │ ├── inherits@2.0.1
135 silly idealTree │ ├── isarray@1.0.0
135 silly idealTree │ ├── miller-rabin@4.0.0
135 silly idealTree │ ├── minimalistic-assert@1.0.0
135 silly idealTree │ ├── os-browserify@0.2.1
135 silly idealTree │ ├── pako@0.2.9
135 silly idealTree │ ├── parse-asn1@5.0.0
135 silly idealTree │ ├── path-browserify@0.0.0
135 silly idealTree │ ├── pbkdf2@3.0.9
135 silly idealTree │ ├── process-nextick-args@1.0.7
135 silly idealTree │ ├── process@0.11.9
135 silly idealTree │ ├── public-encrypt@4.0.0
135 silly idealTree │ ├── punycode@1.4.1
135 silly idealTree │ ├── querystring-es3@0.2.1
135 silly idealTree │ ├── querystring@0.2.0
135 silly idealTree │ ├── randombytes@2.0.3
135 silly idealTree │ ├── readable-stream@2.2.1
135 silly idealTree │ ├── ripemd160@1.0.1
135 silly idealTree │ ├── sha.js@2.4.8
135 silly idealTree │ ├── stream-browserify@2.0.1
135 silly idealTree │ ├── string_decoder@0.10.31
135 silly idealTree │ ├── timers-browserify@1.4.2
135 silly idealTree │ ├── tty-browserify@0.0.0
135 silly idealTree │ ├─┬ url@0.11.0
135 silly idealTree │ │ └── punycode@1.3.2
135 silly idealTree │ ├── util-deprecate@1.0.2
135 silly idealTree │ ├── util@0.10.3
135 silly idealTree │ └── vm-browserify@0.0.4
135 silly idealTree ├─┬ meteor@0.5.2-1
135 silly idealTree │ └── progress@0.0.5
135 silly idealTree ├── mime@1.2.7
135 silly idealTree ├── mimelib-noiconv@0.1.9
135 silly idealTree ├── minimatch@3.0.4
135 silly idealTree ├── minimist@0.0.8
135 silly idealTree ├── mkdirp@0.5.1
135 silly idealTree ├── mongodb@1.1.11
135 silly idealTree ├── ms@0.7.3
135 silly idealTree ├── mute-stream@0.0.5
135 silly idealTree ├── natural-compare@1.4.0
135 silly idealTree ├── nib@0.8.2
135 silly idealTree ├── node-fetch@1.6.3
135 silly idealTree ├── node-uuid@1.3.3
135 silly idealTree ├── number-is-nan@1.0.1
135 silly idealTree ├── object-assign@4.1.1
135 silly idealTree ├── object-keys@1.0.11
135 silly idealTree ├── object.assign@4.0.4
135 silly idealTree ├── once@1.4.0
135 silly idealTree ├── onetime@1.1.0
135 silly idealTree ├─┬ optimist@0.3.5
135 silly idealTree │ └── wordwrap@0.0.3
135 silly idealTree ├── optionator@0.8.2
135 silly idealTree ├── os-homedir@1.0.2
135 silly idealTree ├── path-exists@2.1.0
135 silly idealTree ├── path-is-absolute@1.0.1
135 silly idealTree ├── path-is-inside@1.0.2
135 silly idealTree ├── path-parse@1.0.5
135 silly idealTree ├── pify@2.3.0
135 silly idealTree ├── pinkie-promise@2.0.1
135 silly idealTree ├── pinkie@2.0.4
135 silly idealTree ├── pkg-dir@1.0.0
135 silly idealTree ├── pkg-up@1.0.0
135 silly idealTree ├── pkginfo@0.2.3
135 silly idealTree ├── pluralize@1.2.1
135 silly idealTree ├── point-geometry@0.0.0
135 silly idealTree ├── prelude-ls@1.1.2
135 silly idealTree ├── process-nextick-args@1.0.7
135 silly idealTree ├── progress@1.1.8
135 silly idealTree ├── promise@7.1.1
135 silly idealTree ├── prop-types@15.5.8
135 silly idealTree ├── qs@6.4.0
135 silly idealTree ├── query-string@4.3.4
135 silly idealTree ├── rai@0.1.12
135 silly idealTree ├── react-addons-pure-render-mixin@15.5.2
135 silly idealTree ├── react-csv@1.0.8
135 silly idealTree ├── react-dom@15.5.4
135 silly idealTree ├── react-gmaps@1.5.0
135 silly idealTree ├── react@15.5.4
135 silly idealTree ├── readable-stream@2.2.9
135 silly idealTree ├── readline2@1.0.1
135 silly idealTree ├── rechoir@0.6.2
135 silly idealTree ├── regenerator-runtime@0.10.4
135 silly idealTree ├─┬ request@2.12.0
135 silly idealTree │ ├─┬ form-data@0.0.3
135 silly idealTree │ │ ├── async@0.1.9
135 silly idealTree │ │ └─┬ combined-stream@0.0.3
135 silly idealTree │ │   └── delayed-stream@0.0.5
135 silly idealTree │ └── mime@1.2.7
135 silly idealTree ├── require-uncached@1.0.3
135 silly idealTree ├── resolve-from@1.0.1
135 silly idealTree ├── resolve@1.3.3
135 silly idealTree ├── restore-cursor@1.0.1
135 silly idealTree ├── rimraf@2.6.1
135 silly idealTree ├── run-async@0.1.0
135 silly idealTree ├── rx-lite@3.1.2
135 silly idealTree ├── scriptjs@2.5.8
135 silly idealTree ├── semver@1.1.0
135 silly idealTree ├── setimmediate@1.0.5
135 silly idealTree ├── shelljs@0.7.7
135 silly idealTree ├── simplesmtp@0.1.25
135 silly idealTree ├── slice-ansi@0.0.4
135 silly idealTree ├── sockjs@0.3.4
135 silly idealTree ├── sprintf-js@1.0.3
135 silly idealTree ├── stream-buffers@0.2.3
135 silly idealTree ├── strict-uri-encode@1.1.0
135 silly idealTree ├── string_decoder@1.0.0
135 silly idealTree ├── string-width@1.0.2
135 silly idealTree ├── strip-ansi@3.0.1
135 silly idealTree ├── strip-bom@3.0.0
135 silly idealTree ├── strip-json-comments@2.0.1
135 silly idealTree ├─┬ stylus@0.30.1
135 silly idealTree │ └── mkdirp@0.3.5
135 silly idealTree ├── supports-color@2.0.0
135 silly idealTree ├─┬ table@3.8.3
135 silly idealTree │ ├── is-fullwidth-code-point@2.0.0
135 silly idealTree │ └── string-width@2.0.0
135 silly idealTree ├── text-table@0.2.0
135 silly idealTree ├── through@2.3.8
135 silly idealTree ├── to-fast-properties@1.0.2
135 silly idealTree ├── tryit@1.0.3
135 silly idealTree ├── type-check@0.3.2
135 silly idealTree ├── typedarray@0.0.6
135 silly idealTree ├── ua-parser-js@0.7.12
135 silly idealTree ├── uglify-js@1.3.4
135 silly idealTree ├── user-home@2.0.0
135 silly idealTree ├─┬ useragent@1.1.0
135 silly idealTree │ ├── request@2.9.202
135 silly idealTree │ └── semver@1.0.14
135 silly idealTree ├── util-deprecate@1.0.2
135 silly idealTree ├── warning@3.0.0
135 silly idealTree ├── whatwg-fetch@2.0.3
135 silly idealTree ├── wordwrap@1.0.0
135 silly idealTree ├── wrappy@1.0.2
135 silly idealTree ├── write@0.2.1
135 silly idealTree ├── xoauth2@1.2.0
135 silly idealTree ├── xtend@4.0.1
135 silly idealTree └── yamlparser@0.0.2
136 silly generateActionsToTake Starting
137 silly install generateActionsToTake
138 silly generateActionsToTake Finishing
139 silly diffTrees action count 3
140 silly diffTrees add fibers@0.6.9
141 silly diffTrees add progress@0.0.5
142 silly diffTrees add meteor@0.5.2-1
143 silly decomposeActions action count 24
144 silly decomposeActions fetch fibers@0.6.9
145 silly decomposeActions extract fibers@0.6.9
146 silly decomposeActions test fibers@0.6.9
147 silly decomposeActions preinstall fibers@0.6.9
148 silly decomposeActions build fibers@0.6.9
149 silly decomposeActions install fibers@0.6.9
150 silly decomposeActions postinstall fibers@0.6.9
151 silly decomposeActions finalize fibers@0.6.9
152 silly decomposeActions fetch progress@0.0.5
153 silly decomposeActions extract progress@0.0.5
154 silly decomposeActions test progress@0.0.5
155 silly decomposeActions preinstall progress@0.0.5
156 silly decomposeActions build progress@0.0.5
157 silly decomposeActions install progress@0.0.5
158 silly decomposeActions postinstall progress@0.0.5
159 silly decomposeActions finalize progress@0.0.5
160 silly decomposeActions fetch meteor@0.5.2-1
161 silly decomposeActions extract meteor@0.5.2-1
162 silly decomposeActions test meteor@0.5.2-1
163 silly decomposeActions preinstall meteor@0.5.2-1
164 silly decomposeActions build meteor@0.5.2-1
165 silly decomposeActions install meteor@0.5.2-1
166 silly decomposeActions postinstall meteor@0.5.2-1
167 silly decomposeActions finalize meteor@0.5.2-1
168 silly runTopLevelLifecycles Starting
169 silly executeActions Starting
170 silly install executeActions
171 silly doSerial global-install 0
172 silly doParallel fetch 3
173 verbose correctMkdir /Users/charlotte/.npm/_locks correctMkdir not in flight; initializing
174 verbose lock using /Users/charlotte/.npm/_locks/staging-982e710224d8a71f.lock for /Users/charlotte/Workspace/Meteor/micromania_stores/node_modules/.staging
175 silly doParallel extract 3
176 silly extract fibers@0.6.9
177 silly extract progress@0.0.5
178 silly extract meteor@0.5.2-1
179 verbose unbuild node_modules/.staging/fibers-a77b8491
180 verbose unbuild node_modules/.staging/progress-d2b3b2e6
181 verbose unbuild node_modules/.staging/meteor-a947203c
182 silly gentlyRm /Users/charlotte/Workspace/Meteor/micromania_stores/node_modules/.staging/fibers-a77b8491 is being purged from base /Users/charlotte/Workspace/Meteor/micromania_stores
183 verbose gentlyRm don't care about contents; nuking /Users/charlotte/Workspace/Meteor/micromania_stores/node_modules/.staging/fibers-a77b8491
184 silly gentlyRm /Users/charlotte/Workspace/Meteor/micromania_stores/node_modules/.staging/progress-d2b3b2e6 is being purged from base /Users/charlotte/Workspace/Meteor/micromania_stores
185 verbose gentlyRm don't care about contents; nuking /Users/charlotte/Workspace/Meteor/micromania_stores/node_modules/.staging/progress-d2b3b2e6
186 verbose tar unpack /Users/charlotte/.npm/fibers/0.6.9/package.tgz
187 verbose tar unpacking to /Users/charlotte/Workspace/Meteor/micromania_stores/node_modules/.staging/fibers-a77b8491
188 silly gentlyRm /Users/charlotte/Workspace/Meteor/micromania_stores/node_modules/.staging/fibers-a77b8491 is being purged
189 verbose gentlyRm don't care about contents; nuking /Users/charlotte/Workspace/Meteor/micromania_stores/node_modules/.staging/fibers-a77b8491
190 verbose tar unpack /Users/charlotte/.npm/progress/0.0.5/package.tgz
191 verbose tar unpacking to /Users/charlotte/Workspace/Meteor/micromania_stores/node_modules/.staging/progress-d2b3b2e6
192 silly gentlyRm /Users/charlotte/Workspace/Meteor/micromania_stores/node_modules/.staging/progress-d2b3b2e6 is being purged
193 verbose gentlyRm don't care about contents; nuking /Users/charlotte/Workspace/Meteor/micromania_stores/node_modules/.staging/progress-d2b3b2e6
194 silly gentlyRm /Users/charlotte/Workspace/Meteor/micromania_stores/node_modules/.staging/meteor-a947203c is being purged from base /Users/charlotte/Workspace/Meteor/micromania_stores
195 verbose gentlyRm don't care about contents; nuking /Users/charlotte/Workspace/Meteor/micromania_stores/node_modules/.staging/meteor-a947203c
196 silly gunzTarPerm modes [ '755', '644' ]
197 silly gunzTarPerm modes [ '755', '644' ]
198 verbose tar unpack /Users/charlotte/.npm/meteor/0.5.2-1/package.tgz
199 verbose tar unpacking to /Users/charlotte/Workspace/Meteor/micromania_stores/node_modules/.staging/meteor-a947203c
200 silly gentlyRm /Users/charlotte/Workspace/Meteor/micromania_stores/node_modules/.staging/meteor-a947203c is being purged
201 verbose gentlyRm don't care about contents; nuking /Users/charlotte/Workspace/Meteor/micromania_stores/node_modules/.staging/meteor-a947203c
202 silly gunzTarPerm modes [ '755', '644' ]
203 silly gunzTarPerm extractEntry package.json
204 silly gunzTarPerm modified mode [ 'package.json', 438, 420 ]
205 silly gunzTarPerm extractEntry package.json
206 silly gunzTarPerm extractEntry package.json
207 silly gunzTarPerm modified mode [ 'package.json', 438, 420 ]
208 silly gunzTarPerm extractEntry .npmignore
209 silly gunzTarPerm modified mode [ '.npmignore', 438, 420 ]
210 silly gunzTarPerm extractEntry README.md
211 silly gunzTarPerm modified mode [ 'README.md', 438, 420 ]
212 silly gunzTarPerm extractEntry .npmignore
213 silly gunzTarPerm extractEntry index.js
214 silly gunzTarPerm extractEntry .npmignore
215 silly gunzTarPerm modified mode [ '.npmignore', 438, 420 ]
216 silly gunzTarPerm extractEntry README.md
217 silly gunzTarPerm modified mode [ 'README.md', 438, 420 ]
218 silly gunzTarPerm extractEntry History.md
219 silly gunzTarPerm extractEntry lib/node-progress.js
220 silly gunzTarPerm extractEntry LICENSE
221 silly gunzTarPerm modified mode [ 'LICENSE', 438, 420 ]
222 silly gunzTarPerm extractEntry dev_bundle/.bundle_version.txt
223 silly gunzTarPerm modified mode [ 'dev_bundle/.bundle_version.txt', 438, 420 ]
224 silly gunzTarPerm extractEntry install.sh
225 silly gunzTarPerm modified mode [ 'install.sh', 511, 493 ]
226 silly gunzTarPerm extractEntry Makefile
227 silly gunzTarPerm extractEntry Readme.md
228 silly gunzTarPerm extractEntry docs/public/favicon.ico
229 silly gunzTarPerm modified mode [ 'docs/public/favicon.ico', 438, 420 ]
230 silly gunzTarPerm extractEntry docs/public/robots.txt
231 silly gunzTarPerm modified mode [ 'docs/public/robots.txt', 438, 420 ]
232 silly gunzTarPerm extractEntry future.js
233 silly gunzTarPerm modified mode [ 'future.js', 438, 420 ]
234 silly gunzTarPerm extractEntry test.js
235 silly gunzTarPerm modified mode [ 'test.js', 511, 493 ]
236 silly gunzTarPerm extractEntry docs/client/api.js
237 silly gunzTarPerm modified mode [ 'docs/client/api.js', 438, 420 ]
238 silly gunzTarPerm extractEntry fibers.js
239 silly gunzTarPerm modified mode [ 'fibers.js', 438, 420 ]
240 silly gunzTarPerm extractEntry build.js
241 silly gunzTarPerm modified mode [ 'build.js', 511, 493 ]
242 silly gunzTarPerm extractEntry docs/client/docs.js
243 silly gunzTarPerm modified mode [ 'docs/client/docs.js', 438, 420 ]
244 silly gunzTarPerm extractEntry test/unwind.js
245 silly gunzTarPerm modified mode [ 'test/unwind.js', 438, 420 ]
246 silly gunzTarPerm extractEntry test/current.js
247 silly gunzTarPerm modified mode [ 'test/current.js', 438, 420 ]
248 silly gunzTarPerm extractEntry docs/client/concepts.html
249 silly gunzTarPerm modified mode [ 'docs/client/concepts.html', 438, 420 ]
250 silly gunzTarPerm extractEntry docs/client/commandline.html
251 silly gunzTarPerm modified mode [ 'docs/client/commandline.html', 438, 420 ]
252 silly gunzTarPerm extractEntry test/stack-overflow.js
253 silly gunzTarPerm modified mode [ 'test/stack-overflow.js', 438, 420 ]
254 silly gunzTarPerm extractEntry test/finish-multiple.js
255 silly gunzTarPerm modified mode [ 'test/finish-multiple.js', 438, 420 ]
256 silly gunzTarPerm extractEntry docs/client/packages.html
257 silly gunzTarPerm modified mode [ 'docs/client/packages.html', 438, 420 ]
258 silly gunzTarPerm extractEntry docs/client/api.html
259 silly gunzTarPerm modified mode [ 'docs/client/api.html', 438, 420 ]
260 silly gunzTarPerm extractEntry test/pool.js
261 silly gunzTarPerm modified mode [ 'test/pool.js', 438, 420 ]
262 silly gunzTarPerm extractEntry test/fibonacci.js
263 silly gunzTarPerm modified mode [ 'test/fibonacci.js', 438, 420 ]
264 silly gunzTarPerm extractEntry docs/client/splash.less
265 silly gunzTarPerm modified mode [ 'docs/client/splash.less', 438, 420 ]
266 silly gunzTarPerm extractEntry docs/client/docs.html
267 silly gunzTarPerm modified mode [ 'docs/client/docs.html', 438, 420 ]
268 silly gunzTarPerm extractEntry test/bad-context.js
269 silly gunzTarPerm modified mode [ 'test/bad-context.js', 438, 420 ]
270 silly gunzTarPerm extractEntry test/future.js
271 silly gunzTarPerm modified mode [ 'test/future.js', 438, 420 ]
272 silly gunzTarPerm extractEntry docs/client/ga.html
273 silly gunzTarPerm modified mode [ 'docs/client/ga.html', 438, 420 ]
274 silly gunzTarPerm extractEntry docs/client/docs.css
275 silly gunzTarPerm modified mode [ 'docs/client/docs.css', 438, 420 ]
276 silly gunzTarPerm extractEntry docs/client/introduction.html
277 silly gunzTarPerm modified mode [ 'docs/client/introduction.html', 438, 420 ]
278 silly gunzTarPerm extractEntry docs/.meteor/.npmignore
279 silly gunzTarPerm modified mode [ 'docs/.meteor/.npmignore', 438, 420 ]
280 silly gunzTarPerm extractEntry test/process-title.js
281 silly gunzTarPerm modified mode [ 'test/process-title.js', 438, 420 ]
282 silly gunzTarPerm extractEntry test/illegal-yield.js
283 silly gunzTarPerm modified mode [ 'test/illegal-yield.js', 438, 420 ]
284 silly gunzTarPerm extractEntry meteor
285 silly gunzTarPerm modified mode [ 'meteor', 511, 493 ]
286 silly gunzTarPerm extractEntry test/started.js
287 silly gunzTarPerm modified mode [ 'test/started.js', 438, 420 ]
288 silly gunzTarPerm extractEntry test/exec.js
289 silly gunzTarPerm modified mode [ 'test/exec.js', 438, 420 ]
290 silly gentlyRm /Users/charlotte/Workspace/Meteor/micromania_stores/node_modules/.staging/progress-d2b3b2e6/node_modules is being purged
291 verbose gentlyRm don't care about contents; nuking /Users/charlotte/Workspace/Meteor/micromania_stores/node_modules/.staging/progress-d2b3b2e6/node_modules
292 silly gunzTarPerm extractEntry admin/increment-version.js
293 silly gunzTarPerm modified mode [ 'admin/increment-version.js', 438, 420 ]
294 silly gunzTarPerm extractEntry admin/install-s3.sh
295 silly gunzTarPerm modified mode [ 'admin/install-s3.sh', 511, 493 ]
296 silly gunzTarPerm extractEntry test/child-process.js
297 silly gunzTarPerm modified mode [ 'test/child-process.js', 438, 420 ]
298 silly gunzTarPerm extractEntry test/already-running.js
299 silly gunzTarPerm modified mode [ 'test/already-running.js', 438, 420 ]
300 silly gunzTarPerm extractEntry admin/meteor.spec
301 silly gunzTarPerm modified mode [ 'admin/meteor.spec', 438, 420 ]
302 silly gunzTarPerm extractEntry admin/spark-standalone.sh
303 silly gunzTarPerm modified mode [ 'admin/spark-standalone.sh', 511, 493 ]
304 silly gunzTarPerm extractEntry admin/build-release.sh
305 silly gunzTarPerm modified mode [ 'admin/build-release.sh', 511, 493 ]
306 silly gunzTarPerm extractEntry admin/node.sh
307 silly gunzTarPerm modified mode [ 'admin/node.sh', 511, 493 ]
308 silly gunzTarPerm extractEntry test/exit.js
309 silly gunzTarPerm modified mode [ 'test/exit.js', 438, 420 ]
310 silly gunzTarPerm extractEntry src/coroutine.h
311 silly gunzTarPerm modified mode [ 'src/coroutine.h', 438, 420 ]
312 silly gunzTarPerm extractEntry admin/manifest.json
313 silly gunzTarPerm modified mode [ 'admin/manifest.json', 438, 420 ]
314 silly gunzTarPerm extractEntry admin/generate-dev-bundle.sh
315 silly gunzTarPerm modified mode [ 'admin/generate-dev-bundle.sh', 511, 493 ]
316 silly gunzTarPerm extractEntry src/coroutine.cc
317 silly gunzTarPerm modified mode [ 'src/coroutine.cc', 438, 420 ]
318 silly gunzTarPerm extractEntry src/libcoro/README
319 silly gunzTarPerm modified mode [ 'src/libcoro/README', 438, 420 ]
320 silly gunzTarPerm extractEntry admin/debian/copyright
321 silly gunzTarPerm modified mode [ 'admin/debian/copyright', 438, 420 ]
322 silly gunzTarPerm extractEntry admin/debian/control
323 silly gunzTarPerm modified mode [ 'admin/debian/control', 438, 420 ]
324 silly gunzTarPerm extractEntry src/libcoro/LICENSE
325 silly gunzTarPerm modified mode [ 'src/libcoro/LICENSE', 438, 420 ]
326 silly gunzTarPerm extractEntry src/libcoro/coro.h
327 silly gunzTarPerm modified mode [ 'src/libcoro/coro.h', 438, 420 ]
328 silly gunzTarPerm extractEntry admin/debian/compat
329 silly gunzTarPerm modified mode [ 'admin/debian/compat', 438, 420 ]
330 silly gunzTarPerm extractEntry admin/debian/docs
331 silly gunzTarPerm modified mode [ 'admin/debian/docs', 438, 420 ]
332 silly gunzTarPerm extractEntry admin/debian/rules
333 silly gunzTarPerm modified mode [ 'admin/debian/rules', 511, 493 ]
334 silly gunzTarPerm extractEntry admin/debian/changelog
335 silly gunzTarPerm modified mode [ 'admin/debian/changelog', 438, 420 ]
336 silly gunzTarPerm extractEntry admin/debian/meteor.install
337 silly gunzTarPerm modified mode [ 'admin/debian/meteor.install', 438, 420 ]
338 silly gunzTarPerm extractEntry admin/debian/source/format
339 silly gunzTarPerm modified mode [ 'admin/debian/source/format', 438, 420 ]
340 silly gunzTarPerm extractEntry src/libcoro/coro.c
341 silly gunzTarPerm modified mode [ 'src/libcoro/coro.c', 438, 420 ]
342 silly gunzTarPerm extractEntry src/libcoro/conftest.c
343 silly gunzTarPerm modified mode [ 'src/libcoro/conftest.c', 438, 420 ]
344 silly gunzTarPerm extractEntry admin/debian/meteor.links
345 silly gunzTarPerm modified mode [ 'admin/debian/meteor.links', 438, 420 ]
346 silly gunzTarPerm extractEntry src/fibers.cc
347 silly gunzTarPerm modified mode [ 'src/fibers.cc', 438, 420 ]
348 silly gunzTarPerm extractEntry binding.gyp
349 silly gunzTarPerm modified mode [ 'binding.gyp', 438, 420 ]
350 silly gunzTarPerm extractEntry admin/cli-test.sh
351 silly gunzTarPerm modified mode [ 'admin/cli-test.sh', 511, 493 ]
352 silly gunzTarPerm extractEntry admin/cut-release.sh
353 silly gunzTarPerm modified mode [ 'admin/cut-release.sh', 511, 493 ]
354 silly gunzTarPerm extractEntry bin/.npmignore
355 silly gunzTarPerm modified mode [ 'bin/.npmignore', 438, 420 ]
356 silly gunzTarPerm extractEntry bin/win32-ia32-v8-3.6/fibers.node
357 silly gunzTarPerm modified mode [ 'bin/win32-ia32-v8-3.6/fibers.node', 438, 420 ]
358 silly gunzTarPerm extractEntry .arcconfig
359 silly gunzTarPerm modified mode [ '.arcconfig', 438, 420 ]
360 silly gunzTarPerm extractEntry app/meteor/update.js
361 silly gunzTarPerm modified mode [ 'app/meteor/update.js', 438, 420 ]
362 silly gunzTarPerm extractEntry bin/darwin-x64-v8-3.11/fibers.node
363 silly gunzTarPerm modified mode [ 'bin/darwin-x64-v8-3.11/fibers.node', 511, 493 ]
364 silly gunzTarPerm extractEntry app/meteor/run.js
365 silly gunzTarPerm modified mode [ 'app/meteor/run.js', 438, 420 ]
366 silly gunzTarPerm extractEntry app/meteor/deploy.js
367 silly gunzTarPerm modified mode [ 'app/meteor/deploy.js', 438, 420 ]
368 silly gunzTarPerm extractEntry bin/darwin-x64-v8-3.6/fibers.node
369 silly gunzTarPerm modified mode [ 'bin/darwin-x64-v8-3.6/fibers.node', 511, 493 ]
370 silly gunzTarPerm extractEntry bin/win32-ia32-v8-3.11/fibers.node
371 silly gunzTarPerm modified mode [ 'bin/win32-ia32-v8-3.11/fibers.node', 438, 420 ]
372 silly gunzTarPerm extractEntry app/meteor/post-upgrade.js
373 silly gunzTarPerm modified mode [ 'app/meteor/post-upgrade.js', 438, 420 ]
374 silly gunzTarPerm extractEntry app/meteor/meteor.js
375 silly gunzTarPerm modified mode [ 'app/meteor/meteor.js', 438, 420 ]
376 silly gunzTarPerm extractEntry bin/linux-ia32-v8-3.6/fibers.node
377 silly gunzTarPerm modified mode [ 'bin/linux-ia32-v8-3.6/fibers.node', 511, 493 ]
378 silly gunzTarPerm extractEntry app/meteor/skel/~name~.js
379 silly gunzTarPerm modified mode [ 'app/meteor/skel/~name~.js', 438, 420 ]
380 silly gunzTarPerm extractEntry app/meteor/skel/~name~.html
381 silly gunzTarPerm modified mode [ 'app/meteor/skel/~name~.html', 438, 420 ]
382 silly gunzTarPerm extractEntry bin/linux-x64-v8-3.11/fibers.node
383 silly gunzTarPerm modified mode [ 'bin/linux-x64-v8-3.11/fibers.node', 511, 493 ]
384 silly gunzTarPerm extractEntry app/meteor/skel/~name~.css
385 silly gunzTarPerm modified mode [ 'app/meteor/skel/~name~.css', 438, 420 ]
386 silly gunzTarPerm extractEntry app/meteor/skel/.meteor/.npmignore
387 silly gunzTarPerm modified mode [ 'app/meteor/skel/.meteor/.npmignore', 438, 420 ]
388 silly gunzTarPerm extractEntry bin/win32-x64-v8-3.11/fibers.node
389 silly gunzTarPerm modified mode [ 'bin/win32-x64-v8-3.11/fibers.node', 438, 420 ]
390 silly gunzTarPerm extractEntry app/server/server.js
391 silly gunzTarPerm modified mode [ 'app/server/server.js', 438, 420 ]
392 silly gunzTarPerm extractEntry app/server/underscore.js
393 silly gunzTarPerm modified mode [ 'app/server/underscore.js', 438, 420 ]
394 silly gunzTarPerm extractEntry bin/linux-x64-v8-3.6/fibers.node
395 silly gunzTarPerm modified mode [ 'bin/linux-x64-v8-3.6/fibers.node', 511, 493 ]
396 silly gunzTarPerm extractEntry app/lib/project.js
397 silly gunzTarPerm modified mode [ 'app/lib/project.js', 438, 420 ]
398 silly gunzTarPerm extractEntry app/lib/mongo_runner.js
399 silly gunzTarPerm modified mode [ 'app/lib/mongo_runner.js', 438, 420 ]
400 silly gunzTarPerm extractEntry bin/win32-x64-v8-3.6/fibers.node
401 silly gunzTarPerm modified mode [ 'bin/win32-x64-v8-3.6/fibers.node', 438, 420 ]
402 silly gunzTarPerm extractEntry app/lib/packages.js
403 silly gunzTarPerm modified mode [ 'app/lib/packages.js', 438, 420 ]
404 silly gunzTarPerm extractEntry app/lib/files.js
405 silly gunzTarPerm modified mode [ 'app/lib/files.js', 438, 420 ]
406 silly gunzTarPerm extractEntry bin/darwin-ia32-v8-3.6/fibers.node
407 silly gunzTarPerm modified mode [ 'bin/darwin-ia32-v8-3.6/fibers.node', 511, 493 ]
408 silly gunzTarPerm extractEntry app/lib/updater.js
409 silly gunzTarPerm modified mode [ 'app/lib/updater.js', 438, 420 ]
410 silly gunzTarPerm extractEntry app/lib/bundler.js
411 silly gunzTarPerm modified mode [ 'app/lib/bundler.js', 438, 420 ]
412 silly gunzTarPerm extractEntry bin/linux-ia32-v8-3.11/fibers.node
413 silly gunzTarPerm modified mode [ 'bin/linux-ia32-v8-3.11/fibers.node', 511, 493 ]
414 silly gunzTarPerm extractEntry app/lib/app.html.in
415 silly gunzTarPerm modified mode [ 'app/lib/app.html.in', 438, 420 ]
416 silly gunzTarPerm extractEntry app/lib/unsupported.html
417 silly gunzTarPerm modified mode [ 'app/lib/unsupported.html', 438, 420 ]
418 silly gunzTarPerm extractEntry bin/darwin-ia32-v8-3.11/fibers.node
419 silly gunzTarPerm modified mode [ 'bin/darwin-ia32-v8-3.11/fibers.node', 511, 493 ]
420 silly gunzTarPerm extractEntry app/lib/third/underscore.js
421 silly gunzTarPerm modified mode [ 'app/lib/third/underscore.js', 438, 420 ]
422 silly gunzTarPerm extractEntry History.md
423 silly gunzTarPerm modified mode [ 'History.md', 438, 420 ]
424 silly gunzTarPerm extractEntry LICENSE.txt
425 silly gunzTarPerm modified mode [ 'LICENSE.txt', 438, 420 ]
426 silly gentlyRm /Users/charlotte/Workspace/Meteor/micromania_stores/node_modules/.staging/fibers-a77b8491/node_modules is being purged
427 verbose gentlyRm don't care about contents; nuking /Users/charlotte/Workspace/Meteor/micromania_stores/node_modules/.staging/fibers-a77b8491/node_modules
428 silly gentlyRm /Users/charlotte/Workspace/Meteor/micromania_stores/node_modules/.staging/meteor-a947203c/node_modules is being purged
429 verbose gentlyRm don't care about contents; nuking /Users/charlotte/Workspace/Meteor/micromania_stores/node_modules/.staging/meteor-a947203c/node_modules
430 silly doParallel preinstall 3
431 silly preinstall fibers@0.6.9
432 info lifecycle fibers@0.6.9~preinstall: fibers@0.6.9
433 silly preinstall progress@0.0.5
434 info lifecycle progress@0.0.5~preinstall: progress@0.0.5
435 silly preinstall meteor@0.5.2-1
436 info lifecycle meteor@0.5.2-1~preinstall: meteor@0.5.2-1
437 silly lifecycle fibers@0.6.9~preinstall: no script for preinstall, continuing
438 silly lifecycle progress@0.0.5~preinstall: no script for preinstall, continuing
439 silly lifecycle meteor@0.5.2-1~preinstall: no script for preinstall, continuing
440 silly doReverseSerial remove 0
441 silly doSerial move 0
442 silly doSerial finalize 3
443 silly finalize /Users/charlotte/Workspace/Meteor/micromania_stores/node_modules/fibers
444 silly finalize /Users/charlotte/Workspace/Meteor/micromania_stores/node_modules/meteor/node_modules/progress
445 silly finalize /Users/charlotte/Workspace/Meteor/micromania_stores/node_modules/meteor
446 silly doSerial build 3
447 silly build fibers@0.6.9
448 info linkStuff fibers@0.6.9
449 silly linkStuff fibers@0.6.9 has /Users/charlotte/Workspace/Meteor/micromania_stores/node_modules as its parent node_modules
450 verbose linkBins fibers@0.6.9
451 verbose linkMans fibers@0.6.9
452 silly build progress@0.0.5
453 info linkStuff progress@0.0.5
454 silly linkStuff progress@0.0.5 has /Users/charlotte/Workspace/Meteor/micromania_stores/node_modules/meteor/node_modules as its parent node_modules
455 verbose linkBins progress@0.0.5
456 verbose linkMans progress@0.0.5
457 silly build meteor@0.5.2-1
458 info linkStuff meteor@0.5.2-1
459 silly linkStuff meteor@0.5.2-1 has /Users/charlotte/Workspace/Meteor/micromania_stores/node_modules as its parent node_modules
460 verbose linkBins meteor@0.5.2-1
461 verbose linkBins [ { meteor: 'app/meteor/meteor.js' },
461 verbose linkBins   '/Users/charlotte/Workspace/Meteor/micromania_stores/node_modules/.bin',
461 verbose linkBins   false ]
462 verbose linkMans meteor@0.5.2-1
463 silly doSerial global-link 0
464 silly doParallel update-linked 0
465 silly doSerial install 3
466 silly install fibers@0.6.9
467 info lifecycle fibers@0.6.9~install: fibers@0.6.9
468 verbose lifecycle fibers@0.6.9~install: unsafe-perm in lifecycle true
469 verbose lifecycle fibers@0.6.9~install: PATH: /usr/local/lib/node_modules/npm/bin/node-gyp-bin:/Users/charlotte/Workspace/Meteor/micromania_stores/node_modules/fibers/node_modules/.bin:/Users/charlotte/Workspace/Meteor/micromania_stores/node_modules/.bin:/usr/bin:/bin:/usr/sbin:/sbin:/usr/local/bin
470 verbose lifecycle fibers@0.6.9~install: CWD: /Users/charlotte/Workspace/Meteor/micromania_stores/node_modules/fibers
471 silly lifecycle fibers@0.6.9~install: Args: [ '-c', 'node ./build.js' ]
472 silly lifecycle fibers@0.6.9~install: Returned: code: 1  signal: null
473 info lifecycle fibers@0.6.9~install: Failed to exec install script
474 verbose unlock done using /Users/charlotte/.npm/_locks/staging-982e710224d8a71f.lock for /Users/charlotte/Workspace/Meteor/micromania_stores/node_modules/.staging
475 silly rollbackFailedOptional Starting
476 silly gentlyRm /Users/charlotte/Workspace/Meteor/micromania_stores/node_modules/fibers is being purged from base /Users/charlotte/Workspace/Meteor/micromania_stores
477 verbose gentlyRm don't care about contents; nuking /Users/charlotte/Workspace/Meteor/micromania_stores/node_modules/fibers
478 silly gentlyRm /Users/charlotte/Workspace/Meteor/micromania_stores/node_modules/fibers is being purged from base /Users/charlotte/Workspace/Meteor/micromania_stores
479 verbose gentlyRm don't care about contents; nuking /Users/charlotte/Workspace/Meteor/micromania_stores/node_modules/fibers
480 silly gentlyRm /Users/charlotte/Workspace/Meteor/micromania_stores/node_modules/fibers is being purged from base /Users/charlotte/Workspace/Meteor/micromania_stores
481 verbose gentlyRm don't care about contents; nuking /Users/charlotte/Workspace/Meteor/micromania_stores/node_modules/fibers
482 silly gentlyRm /Users/charlotte/Workspace/Meteor/micromania_stores/node_modules/fibers is being purged from base /Users/charlotte/Workspace/Meteor/micromania_stores
483 verbose gentlyRm don't care about contents; nuking /Users/charlotte/Workspace/Meteor/micromania_stores/node_modules/fibers
484 silly gentlyRm /Users/charlotte/Workspace/Meteor/micromania_stores/node_modules/fibers is being purged from base /Users/charlotte/Workspace/Meteor/micromania_stores
485 verbose gentlyRm don't care about contents; nuking /Users/charlotte/Workspace/Meteor/micromania_stores/node_modules/fibers
486 silly gentlyRm /Users/charlotte/Workspace/Meteor/micromania_stores/node_modules/fibers is being purged from base /Users/charlotte/Workspace/Meteor/micromania_stores
487 verbose gentlyRm don't care about contents; nuking /Users/charlotte/Workspace/Meteor/micromania_stores/node_modules/fibers
488 silly gentlyRm /Users/charlotte/Workspace/Meteor/micromania_stores/node_modules/fibers is being purged from base /Users/charlotte/Workspace/Meteor/micromania_stores
489 verbose gentlyRm don't care about contents; nuking /Users/charlotte/Workspace/Meteor/micromania_stores/node_modules/fibers
490 silly gentlyRm /Users/charlotte/Workspace/Meteor/micromania_stores/node_modules/fibers is being purged from base /Users/charlotte/Workspace/Meteor/micromania_stores
491 verbose gentlyRm don't care about contents; nuking /Users/charlotte/Workspace/Meteor/micromania_stores/node_modules/fibers
492 silly gentlyRm /Users/charlotte/Workspace/Meteor/micromania_stores/node_modules/meteor is being purged from base /Users/charlotte/Workspace/Meteor/micromania_stores
493 verbose gentlyRm don't care about contents; nuking /Users/charlotte/Workspace/Meteor/micromania_stores/node_modules/meteor
494 silly gentlyRm /Users/charlotte/Workspace/Meteor/micromania_stores/node_modules/meteor is being purged from base /Users/charlotte/Workspace/Meteor/micromania_stores
495 verbose gentlyRm don't care about contents; nuking /Users/charlotte/Workspace/Meteor/micromania_stores/node_modules/meteor
496 silly gentlyRm /Users/charlotte/Workspace/Meteor/micromania_stores/node_modules/meteor is being purged from base /Users/charlotte/Workspace/Meteor/micromania_stores
497 verbose gentlyRm don't care about contents; nuking /Users/charlotte/Workspace/Meteor/micromania_stores/node_modules/meteor
498 silly gentlyRm /Users/charlotte/Workspace/Meteor/micromania_stores/node_modules/meteor is being purged from base /Users/charlotte/Workspace/Meteor/micromania_stores
499 verbose gentlyRm don't care about contents; nuking /Users/charlotte/Workspace/Meteor/micromania_stores/node_modules/meteor
500 silly gentlyRm /Users/charlotte/Workspace/Meteor/micromania_stores/node_modules/meteor is being purged from base /Users/charlotte/Workspace/Meteor/micromania_stores
501 verbose gentlyRm don't care about contents; nuking /Users/charlotte/Workspace/Meteor/micromania_stores/node_modules/meteor
502 silly gentlyRm /Users/charlotte/Workspace/Meteor/micromania_stores/node_modules/meteor is being purged from base /Users/charlotte/Workspace/Meteor/micromania_stores
503 verbose gentlyRm don't care about contents; nuking /Users/charlotte/Workspace/Meteor/micromania_stores/node_modules/meteor
504 silly gentlyRm /Users/charlotte/Workspace/Meteor/micromania_stores/node_modules/meteor is being purged from base /Users/charlotte/Workspace/Meteor/micromania_stores
505 verbose gentlyRm don't care about contents; nuking /Users/charlotte/Workspace/Meteor/micromania_stores/node_modules/meteor
506 silly gentlyRm /Users/charlotte/Workspace/Meteor/micromania_stores/node_modules/meteor is being purged from base /Users/charlotte/Workspace/Meteor/micromania_stores
507 verbose gentlyRm don't care about contents; nuking /Users/charlotte/Workspace/Meteor/micromania_stores/node_modules/meteor
508 silly vacuum-fs purging /Users/charlotte/Workspace/Meteor/micromania_stores/node_modules/fibers
509 silly vacuum-fs purging /Users/charlotte/Workspace/Meteor/micromania_stores/node_modules/fibers
510 silly vacuum-fs purging /Users/charlotte/Workspace/Meteor/micromania_stores/node_modules/fibers
511 silly vacuum-fs purging /Users/charlotte/Workspace/Meteor/micromania_stores/node_modules/fibers
512 silly vacuum-fs purging /Users/charlotte/Workspace/Meteor/micromania_stores/node_modules/fibers
513 silly vacuum-fs purging /Users/charlotte/Workspace/Meteor/micromania_stores/node_modules/fibers
514 silly vacuum-fs purging /Users/charlotte/Workspace/Meteor/micromania_stores/node_modules/fibers
515 silly vacuum-fs purging /Users/charlotte/Workspace/Meteor/micromania_stores/node_modules/fibers
516 silly vacuum-fs purging /Users/charlotte/Workspace/Meteor/micromania_stores/node_modules/meteor
517 silly vacuum-fs purging /Users/charlotte/Workspace/Meteor/micromania_stores/node_modules/meteor
518 silly vacuum-fs purging /Users/charlotte/Workspace/Meteor/micromania_stores/node_modules/meteor
519 silly vacuum-fs purging /Users/charlotte/Workspace/Meteor/micromania_stores/node_modules/meteor
520 silly vacuum-fs purging /Users/charlotte/Workspace/Meteor/micromania_stores/node_modules/meteor
521 silly vacuum-fs purging /Users/charlotte/Workspace/Meteor/micromania_stores/node_modules/meteor
522 silly vacuum-fs purging /Users/charlotte/Workspace/Meteor/micromania_stores/node_modules/meteor
523 silly vacuum-fs purging /Users/charlotte/Workspace/Meteor/micromania_stores/node_modules/meteor
524 silly vacuum-fs quitting because other entries in /Users/charlotte/Workspace/Meteor/micromania_stores/node_modules
525 silly vacuum-fs quitting because other entries in /Users/charlotte/Workspace/Meteor/micromania_stores/node_modules
526 silly vacuum-fs quitting because other entries in /Users/charlotte/Workspace/Meteor/micromania_stores/node_modules
527 silly vacuum-fs quitting because other entries in /Users/charlotte/Workspace/Meteor/micromania_stores/node_modules
528 silly vacuum-fs quitting because other entries in /Users/charlotte/Workspace/Meteor/micromania_stores/node_modules
529 silly vacuum-fs quitting because other entries in /Users/charlotte/Workspace/Meteor/micromania_stores/node_modules
530 silly vacuum-fs quitting because other entries in /Users/charlotte/Workspace/Meteor/micromania_stores/node_modules
531 silly vacuum-fs quitting because other entries in /Users/charlotte/Workspace/Meteor/micromania_stores/node_modules
532 silly vacuum-fs quitting because other entries in /Users/charlotte/Workspace/Meteor/micromania_stores/node_modules
533 silly vacuum-fs quitting because other entries in /Users/charlotte/Workspace/Meteor/micromania_stores/node_modules
534 silly vacuum-fs quitting because other entries in /Users/charlotte/Workspace/Meteor/micromania_stores/node_modules
535 silly vacuum-fs quitting because other entries in /Users/charlotte/Workspace/Meteor/micromania_stores/node_modules
536 silly vacuum-fs quitting because other entries in /Users/charlotte/Workspace/Meteor/micromania_stores/node_modules
537 silly vacuum-fs quitting because other entries in /Users/charlotte/Workspace/Meteor/micromania_stores/node_modules
538 silly vacuum-fs quitting because other entries in /Users/charlotte/Workspace/Meteor/micromania_stores/node_modules
539 silly vacuum-fs quitting because other entries in /Users/charlotte/Workspace/Meteor/micromania_stores/node_modules
540 silly rollbackFailedOptional Finishing
541 silly runTopLevelLifecycles Finishing
542 silly install printInstalled
543 verbose stack Error: fibers@0.6.9 install: `node ./build.js`
543 verbose stack Exit status 1
543 verbose stack     at EventEmitter.<anonymous> (/usr/local/lib/node_modules/npm/lib/utils/lifecycle.js:279:16)
543 verbose stack     at emitTwo (events.js:106:13)
543 verbose stack     at EventEmitter.emit (events.js:194:7)
543 verbose stack     at ChildProcess.<anonymous> (/usr/local/lib/node_modules/npm/lib/utils/spawn.js:40:14)
543 verbose stack     at emitTwo (events.js:106:13)
543 verbose stack     at ChildProcess.emit (events.js:194:7)
543 verbose stack     at maybeClose (internal/child_process.js:899:16)
543 verbose stack     at Process.ChildProcess._handle.onexit (internal/child_process.js:226:5)
544 verbose pkgid fibers@0.6.9
545 verbose cwd /Users/charlotte/Workspace/Meteor/micromania_stores
546 error Darwin 16.5.0
547 error argv "/usr/local/Cellar/node/7.7.1_1/bin/node" "/usr/local/bin/npm" "i" "-S" "meteor"
548 error node v7.7.1
549 error npm  v4.1.2
550 error code ELIFECYCLE
551 error fibers@0.6.9 install: `node ./build.js`
551 error Exit status 1
552 error Failed at the fibers@0.6.9 install script 'node ./build.js'.
552 error Make sure you have the latest version of node.js and npm installed.
552 error If you do, this is most likely a problem with the fibers package,
552 error not with npm itself.
552 error Tell the author that this fails on your system:
552 error     node ./build.js
552 error You can get information on how to open an issue for this project with:
552 error     npm bugs fibers
552 error Or if that isn't available, you can get their info via:
552 error     npm owner ls fibers
552 error There is likely additional logging output above.
553 verbose exit [ 1, true ]
